actionid: 3.6-pyqt5
msg: envreport
cmdargs: ['/home/will/progs/python/projects/pyqconcurrency/.tox/3.6-pyqt5/bin/pip', 'freeze']
env: {'DBUS_SESSION_BUS_ADDRESS': 'unix:path=/run/user/1001/bus', 'DESKTOP_SESSION': 'i3', 'DESKTOP_STARTUP_ID': 'i3/st/2460-2-wintermute_TIME125246', 'DISPLAY': ':0', 'EDITOR': 'vim', 'HOME': '/home/will', 'INVOCATION_ID': '41a8cc78eafe4246898c1b4b414ca1f5', 'JOURNAL_STREAM': '8:1906', 'LANG': 'en_US.UTF-8', 'LOGNAME': 'will', 'LPDEST': 'psc_1300', 'MAIL': '/var/spool/mail/will', 'MOZ_PLUGIN_PATH': '/usr/lib/mozilla/plugins', 'OLDPWD': '/home/will/progs/python/projects/pyqconcurrency', 'PAGER': 'less -iR', 'PATH': '/home/will/progs/python/projects/pyqconcurrency/.tox/3.6-pyqt5/bin:/usr/lib/hardening-wrapper/bin:/usr/local/sbin:/usr/local/bin:/usr/bin:/usr/lib/jvm/default/bin:/usr/bin/site_perl:/usr/bin/vendor_perl:/usr/bin/core_perl:/home/will/.local/bin:/home/will/progs/python/general/bin:/home/will/.task/bin', 'PWD': '/home/will/progs/python/projects/pyqconcurrency', 'SHELL': '/usr/bin/zsh', 'SHLVL': '2', 'TERM': 'xterm-256color', 'TMUX': '/tmp/tmux-1001/default,4667,1', 'TMUX_PANE': '%6', 'TMUX_PLUGIN_MANAGER_PATH': '/home/will/.tmux/plugins/', 'USER': 'will', 'WINDOWID': '27262978', 'XAUTHORITY': '/home/will/.Xauthority', 'XDG_CURRENT_DESKTOP': 'i3', 'XDG_RUNTIME_DIR': '/run/user/1001', 'XDG_SEAT': 'seat0', 'XDG_SESSION_ID': 'c1', 'XDG_VTNR': '1', '_': '/usr/bin/tox', 'bash': '/home/will/progs/bash', 'batch': '/home/will/progs/batch', 'btsync': '/home/will/btsync', 'config': '/home/will/progs/config', 'cpp': '/home/will/progs/cpp', 'cron': '/home/cron', 'dev': '/home/will/dev', 'devenv': '/home/will/progs/devenv', 'iphone': '/home/will/progs/iphone/general', 'log': '/home/logs', 'lxc': '/var/lib/lxc', 'mayai': '/usr/autodesk/maya2015-x64', 'media': '/home/media', 'notes': '/home/will/btsync/docs/notes', 'progs': '/home/will/progs', 'python': '/home/will/progs/python', 'qbasic': '/home/will/progs/qbasic', 'saltstack': '/home/will/progs/saltstack', 'servicefiles': '/usr/lib/systemd/system', 'src': '/home/src', 'todo': '/home/will/progs/todo', 'tsync': '/home/will/tsync', 'walls': '/home/will/btsync/pers/wallpapers', 'maya': '/home/will/progs/maya/m2014', 'm2015': '/home/will/maya/2015-x64/scripts', 'm2014': '/home/will/maya/2014-x64/scripts', 'm2011': '/home/will/maya/2013-x64/scripts', 'vundle': '/home/will/.vim/bundle', 'HOSTNAME': 'wintermute', 'START': 'no', 'service': '/etc/systemd/system', 'QT_API': 'pyqt5', 'QT_PREFERRED_BINDING': 'PyQt5', 'PYTHONHASHSEED': '1459649835', 'VIRTUAL_ENV': '/home/will/progs/python/projects/pyqconcurrency/.tox/3.6-pyqt5'}

alabaster==0.7.10
appdirs==1.4.3
atomicwrites==1.1.5
Babel==2.4.0
beautifulsoup4==4.5.3
cfscrape==1.7.1
chardet==2.3.0
click==6.7
click-log==0.1.8
click-threading==0.4.3
colorama==0.3.7
configobj==5.0.6
cov-core==1.15.0
coverage==4.4
daemon==1.1
decorator==4.0.11
docutils==0.13.1
future==0.16.0
gitdb2==2.0.0
GitPython==2.1.3
greenlet==0.4.12
guzzle-sphinx-theme==0.7.11
icalendar==3.11.2
imagesize==0.7.1
ipdb==0.10.1
ipython==5.3.0
ipython-genutils==0.1.0
Jinja2==2.9.6
Js2Py==0.44
khal==0.8.4
khard==0.11.3
kitchen==1.2.4
lockfile==0.12.2
MarkupSafe==1.0
mock==2.0.0
msgpack-python==0.4.8
neovim==0.1.13
netifaces==0.10.5
nose2==0.6.5
packaging==16.8
pbr==3.0.0
pexpect==4.2.1
pickleshare==0.7.4
pipeline==0.0.0
pluggy==0.4.0
ply==3.10
prompt-toolkit==1.0.14
psycopg2==2.7
ptyprocess==0.5.1
py==1.4.33
pybdist==0.3.2
pyflowgraph==0.0.3
Pygments==2.2.0
pyjsparser==2.4.5
PyMySQL==0.7.9
pyparsing==2.2.0
pyPEG2==2.15.2
pyside==1.2.4
pySmartDL==1.2.5
python-daemon==2.1.2
python-dateutil==2.6.0
pytz==2017.2
pyxdg==0.25
PyYAML==3.12
qconcurrency==0.0a2
Qt.py==0.6.9
QtPy==1.2.1
qutebrowser==0.10.1
requests==2.13.0
requests-toolbelt==0.7.0
rope==0.10.5
selenium==3.3.1
simplegeneric==0.8.1
six==1.10.0
smmap2==2.0.1
snowballstemmer==1.2.1
Sphinx==1.5.5
sphinx-rtd-theme==0.2.4
SQLAlchemy==1.1.5
supercli==0.0a4
tox==2.7.0
traitlets==4.3.2
tzlocal==1.3
urllib3==1.21
urwid==1.3.1
vdirsyncer==0.14.1
virtualenv==15.1.0
vobject==0.9.2
wallpapermgr==0.0a5
wcwidth==0.1.7
xonsh==0.5.9
yamlordereddictloader==0.1.1
youtube-dl==2017.3.16
