actionid: 2.7-pyqt4
msg: envreport
cmdargs: ['/home/will/progs/python/projects/pyqconcurrency/.tox/2.7-pyqt4/bin/pip', 'freeze']
env: {'DBUS_SESSION_BUS_ADDRESS': 'unix:path=/run/user/1001/bus', 'DESKTOP_SESSION': 'i3', 'DESKTOP_STARTUP_ID': 'i3/st/2460-2-wintermute_TIME125246', 'DISPLAY': ':0', 'EDITOR': 'vim', 'HOME': '/home/will', 'INVOCATION_ID': '41a8cc78eafe4246898c1b4b414ca1f5', 'JOURNAL_STREAM': '8:1906', 'LANG': 'en_US.UTF-8', 'LOGNAME': 'will', 'LPDEST': 'psc_1300', 'MAIL': '/var/spool/mail/will', 'MOZ_PLUGIN_PATH': '/usr/lib/mozilla/plugins', 'OLDPWD': '/home/will/progs/python/projects/pyqconcurrency', 'PAGER': 'less -iR', 'PATH': '/home/will/progs/python/projects/pyqconcurrency/.tox/2.7-pyqt4/bin:/usr/lib/hardening-wrapper/bin:/usr/local/sbin:/usr/local/bin:/usr/bin:/usr/lib/jvm/default/bin:/usr/bin/site_perl:/usr/bin/vendor_perl:/usr/bin/core_perl:/home/will/.local/bin:/home/will/progs/python/general/bin:/home/will/.task/bin', 'PWD': '/home/will/progs/python/projects/pyqconcurrency', 'SHELL': '/usr/bin/zsh', 'SHLVL': '2', 'TERM': 'xterm-256color', 'TMUX': '/tmp/tmux-1001/default,4667,1', 'TMUX_PANE': '%6', 'TMUX_PLUGIN_MANAGER_PATH': '/home/will/.tmux/plugins/', 'USER': 'will', 'WINDOWID': '27262978', 'XAUTHORITY': '/home/will/.Xauthority', 'XDG_CURRENT_DESKTOP': 'i3', 'XDG_RUNTIME_DIR': '/run/user/1001', 'XDG_SEAT': 'seat0', 'XDG_SESSION_ID': 'c1', 'XDG_VTNR': '1', '_': '/usr/bin/tox', 'bash': '/home/will/progs/bash', 'batch': '/home/will/progs/batch', 'btsync': '/home/will/btsync', 'config': '/home/will/progs/config', 'cpp': '/home/will/progs/cpp', 'cron': '/home/cron', 'dev': '/home/will/dev', 'devenv': '/home/will/progs/devenv', 'iphone': '/home/will/progs/iphone/general', 'log': '/home/logs', 'lxc': '/var/lib/lxc', 'mayai': '/usr/autodesk/maya2015-x64', 'media': '/home/media', 'notes': '/home/will/btsync/docs/notes', 'progs': '/home/will/progs', 'python': '/home/will/progs/python', 'qbasic': '/home/will/progs/qbasic', 'saltstack': '/home/will/progs/saltstack', 'servicefiles': '/usr/lib/systemd/system', 'src': '/home/src', 'todo': '/home/will/progs/todo', 'tsync': '/home/will/tsync', 'walls': '/home/will/btsync/pers/wallpapers', 'maya': '/home/will/progs/maya/m2014', 'm2015': '/home/will/maya/2015-x64/scripts', 'm2014': '/home/will/maya/2014-x64/scripts', 'm2011': '/home/will/maya/2013-x64/scripts', 'vundle': '/home/will/.vim/bundle', 'HOSTNAME': 'wintermute', 'START': 'no', 'service': '/etc/systemd/system', 'QT_API': 'pyqt4', 'QT_PREFERRED_BINDING': 'PyQt4', 'PYTHONHASHSEED': '1459649835', 'VIRTUAL_ENV': '/home/will/progs/python/projects/pyqconcurrency/.tox/2.7-pyqt4'}

alabaster==0.7.10
appdirs==1.4.3
apsw==3.15.2.post1
asn1crypto==0.22.0
Babel==2.4.0
backports-abc==0.5
backports.shutil-get-terminal-size==1.0.0
bleach==1.5.0
cffi==1.10.0
chardet==2.3.0
CherryPy==8.9.1
click==6.7
colorama==0.3.7
configobj==5.0.6
configparser==3.5.0
cov-core==1.15.0
coverage==4.4
cryptography==1.8.1
cssselect==1.0.1
cssutils==1.0.2
daemon==1.1
dateutils==0.6.6
decorator==4.0.10
dnspython==1.15.0
docutils==0.13.1
Editra==0.7.20
entrypoints==0.2.2
enum34==1.1.6
et-cli==0.0.7
et-xmlfile==1.0.1
FuelSDK==0.9.3
funcsigs==1.0.2
functools32==3.2.3.post2
future==0.16.0
futures==3.0.5
gitdb2==2.0.0
GitPython==2.1.1
green==2.8.1
greenlet==0.4.12
guzzle-sphinx-theme==0.7.11
html5lib==0.9999999
icalendar==3.11
idna==2.5
imagesize==0.7.1
ipaddress==1.0.18
ipdb==0.10.1
ipykernel==4.5.2
ipython==5.1.0
ipython-genutils==0.1.0
ipywidgets==5.2.2
jdcal==1.3
Jinja2==2.9.6
jsonschema==2.5.1
jupyter==1.0.0
jupyter-client==4.4.0
jupyter-console==5.0.0
jupyter-core==4.2.1
kitchen==1.2.4
lockfile==0.12.2
lxml==3.7.3
M2Crypto==0.24.0
MarkupSafe==1.0
mechanize==0.3.1
mistune==0.7.3
mock==2.0.0
msgpack-python==0.4.8
MySQL-python==1.2.5
nbconvert==5.0.0
nbformat==4.2.0
neovim==0.1.13
netifaces==0.10.5
nose==1.3.7
nose-machineout2==0.5.1
nose2==0.6.5
notebook==4.3.0
offlineimap==7.1.0
olefile==0.43
openpyxl==2.4.1
packaging==16.8
pandocfilters==1.4.1
paramiko==2.1.2
pathlib2==2.1.0
pbr==1.10.0
pexpect==4.2.1
pickleshare==0.7.4
Pillow==4.1.0
pip2pi==0.6.8
ply==3.10
prompt-toolkit==1.0.9
psutil==5.2.1
psycopg2==2.7
ptyprocess==0.5.1
pyaml==16.12.2
pyasn1==0.2.3
PyBluez==0.22
pycparser==2.17
pycrypto==2.6.1
pyflowgraph==0.0.3
Pygments==2.2.0
PyJWT==0.1.9
PyMySQL==0.7.10
pyparsing==2.2.0
pyreadline==2.1
pyside==1.2.4
python-daemon==2.1.2
python-dateutil==2.6.0
python-sane==2.8.3
python-termstyle==0.1.10
python-xlib==0.18
pytz==2017.2
pyxdg==0.25
PyYAML==3.12
pyzmq==16.0.2
qconcurrency==0.0a2
Qt.py==0.6.9
qtconsole==4.2.1
QtPy==1.2.1
readme-renderer==16.0
rednose==1.2.1
requests==2.13.0
restview==2.7.0
rope==0.10.3
ropemode==0.3
ropevim==0.7.0
RunSnakeRun==2.0.4
salt==2016.11.3
setuptools-scm==1.15.0
simplegeneric==0.8.1
simplejson==3.10.0
singledispatch==3.4.0.3
six==1.10.0
smmap2==2.0.1
snowballstemmer==1.2.1
Sphinx==1.5.5
sphinx-rtd-theme==0.2.4
SQLAlchemy==1.1.5
SquareMap==1.0.4
suds==0.4
supercli==0.0a5
systemd-python==233
terminado==0.6
testpath==0.3
tornado==4.5.1
traitlets==4.3.1
trollius==2.1
tzlocal==1.3
Unidecode==0.4.20
urllib3==1.21
urwid==1.3.1
vim-bridge==0.5
wallpapermgr==0.0a4
wcwidth==0.1.7
widgetsnbextension==1.2.6
wxPython==3.0.2.0
wxPython-common==3.0.2.0
xmpppy==0.5.0rc1
